1742593272: mosquitto version 2.0.21 starting
1742593272: Config loaded from /mosquitto/config/mosquitto.conf.
1742593272: Opening ipv4 listen socket on port 1883.
1742593272: Opening ipv6 listen socket on port 1883.
1742593272: mosquitto version 2.0.21 running
1742593395: New connection from 172.18.0.1:45596 on port 1883.
1742593395: New client connected from 172.18.0.1:45596 as auto-E06CB4E7-8DE8-E570-C34F-5337760F984C (p2, c1, k60).
1742593395: No will message specified.
1742593395: Sending CONNACK to auto-E06CB4E7-8DE8-E570-C34F-5337760F984C (0, 0)
1742593395: Received PUBLISH from auto-E06CB4E7-8DE8-E570-C34F-5337760F984C (d0, q0, r0, m0, 'test/sensors/temperature', ... (171 bytes))
1742593397: Received PUBLISH from auto-E06CB4E7-8DE8-E570-C34F-5337760F984C (d0, q0, r0, m0, 'test/sensors/temperature', ... (172 bytes))
1742593399: Received PUBLISH from auto-E06CB4E7-8DE8-E570-C34F-5337760F984C (d0, q0, r0, m0, 'test/sensors/temperature', ... (172 bytes))
1742593401: Received DISCONNECT from auto-E06CB4E7-8DE8-E570-C34F-5337760F984C
1742593401: Client auto-E06CB4E7-8DE8-E570-C34F-5337760F984C disconnected.
1742593406: New connection from 172.18.0.1:47352 on port 1883.
1742593406: New client connected from 172.18.0.1:47352 as auto-BFCF61D4-D9EC-1E2F-5300-E465B6AE1402 (p2, c1, k60).
1742593406: No will message specified.
1742593406: Sending CONNACK to auto-BFCF61D4-D9EC-1E2F-5300-E465B6AE1402 (0, 0)
1742593406: Received SUBSCRIBE from auto-BFCF61D4-D9EC-1E2F-5300-E465B6AE1402
1742593406: 	# (QoS 0)
1742593406: auto-BFCF61D4-D9EC-1E2F-5300-E465B6AE1402 0 #
1742593406: Sending SUBACK to auto-BFCF61D4-D9EC-1E2F-5300-E465B6AE1402
1742593435: New connection from 172.18.0.1:36988 on port 1883.
1742593435: New client connected from 172.18.0.1:36988 as auto-6181354F-4E7A-67B0-2AC7-DDE5B9B2ADE8 (p2, c1, k60).
1742593435: No will message specified.
1742593435: Sending CONNACK to auto-6181354F-4E7A-67B0-2AC7-DDE5B9B2ADE8 (0, 0)
1742593436: Received PUBLISH from auto-6181354F-4E7A-67B0-2AC7-DDE5B9B2ADE8 (d0, q0, r0, m0, 'test/sensors/temperature', ... (208 bytes))
1742593436: Sending PUBLISH to auto-BFCF61D4-D9EC-1E2F-5300-E465B6AE1402 (d0, q0, r0, m0, 'test/sensors/temperature', ... (208 bytes))
1742593438: Received DISCONNECT from auto-6181354F-4E7A-67B0-2AC7-DDE5B9B2ADE8
1742593438: Client auto-6181354F-4E7A-67B0-2AC7-DDE5B9B2ADE8 disconnected.
1742593466: Received PINGREQ from auto-BFCF61D4-D9EC-1E2F-5300-E465B6AE1402
1742593466: Sending PINGRESP to auto-BFCF61D4-D9EC-1E2F-5300-E465B6AE1402
1742593527: Received PINGREQ from auto-BFCF61D4-D9EC-1E2F-5300-E465B6AE1402
1742593527: Sending PINGRESP to auto-BFCF61D4-D9EC-1E2F-5300-E465B6AE1402
1742593546: New connection from 172.18.0.1:49212 on port 1883.
1742593546: New client connected from 172.18.0.1:49212 as auto-3F7C9D21-FF6C-A57E-4B6F-84393DF28BCF (p2, c1, k60).
1742593546: No will message specified.
1742593546: Sending CONNACK to auto-3F7C9D21-FF6C-A57E-4B6F-84393DF28BCF (0, 0)
1742593547: Received PUBLISH from auto-3F7C9D21-FF6C-A57E-4B6F-84393DF28BCF (d0, q0, r0, m0, 'test/sensors/humid', ... (204 bytes))
1742593547: Sending PUBLISH to auto-BFCF61D4-D9EC-1E2F-5300-E465B6AE1402 (d0, q0, r0, m0, 'test/sensors/humid', ... (204 bytes))
1742593549: Received DISCONNECT from auto-3F7C9D21-FF6C-A57E-4B6F-84393DF28BCF
1742593549: Client auto-3F7C9D21-FF6C-A57E-4B6F-84393DF28BCF disconnected.
1742593573: New connection from 172.18.0.1:41880 on port 1883.
1742593573: New client connected from 172.18.0.1:41880 as humidity_publisher_1742593573 (p2, c1, k60).
1742593573: No will message specified.
1742593573: Sending CONNACK to humidity_publisher_1742593573 (0, 0)
1742593574: Received PUBLISH from humidity_publisher_1742593573 (d0, q1, r0, m1, 'test/sensors/humid', ... (215 bytes))
1742593574: Sending PUBLISH to auto-BFCF61D4-D9EC-1E2F-5300-E465B6AE1402 (d0, q0, r0, m0, 'test/sensors/humid', ... (215 bytes))
1742593574: Sending PUBACK to humidity_publisher_1742593573 (m1, rc0)
1742593576: Received DISCONNECT from humidity_publisher_1742593573
1742593576: Client humidity_publisher_1742593573 disconnected.
1742593587: Received PINGREQ from auto-BFCF61D4-D9EC-1E2F-5300-E465B6AE1402
1742593587: Sending PINGRESP to auto-BFCF61D4-D9EC-1E2F-5300-E465B6AE1402
1742593647: Received PINGREQ from auto-BFCF61D4-D9EC-1E2F-5300-E465B6AE1402
1742593647: Sending PINGRESP to auto-BFCF61D4-D9EC-1E2F-5300-E465B6AE1402
1742593657: Client auto-BFCF61D4-D9EC-1E2F-5300-E465B6AE1402 closed its connection.
1742593796: New connection from 172.18.0.1:51788 on port 1883.
1742593796: New client connected from 172.18.0.1:51788 as auto-DC2FAC5A-E030-C95A-EA04-9111E4EB61FF (p2, c1, k60).
1742593796: No will message specified.
1742593796: Sending CONNACK to auto-DC2FAC5A-E030-C95A-EA04-9111E4EB61FF (0, 0)
1742593796: Received SUBSCRIBE from auto-DC2FAC5A-E030-C95A-EA04-9111E4EB61FF
1742593796: 	# (QoS 0)
1742593796: auto-DC2FAC5A-E030-C95A-EA04-9111E4EB61FF 0 #
1742593796: Sending SUBACK to auto-DC2FAC5A-E030-C95A-EA04-9111E4EB61FF
1742593817: New connection from 172.18.0.1:43414 on port 1883.
1742593817: New client connected from 172.18.0.1:43414 as humidity_publisher_1742593817 (p2, c1, k60).
1742593817: No will message specified.
1742593817: Sending CONNACK to humidity_publisher_1742593817 (0, 0)
1742593818: Received PUBLISH from humidity_publisher_1742593817 (d0, q1, r0, m1, 'test/sensors/humid', ... (215 bytes))
1742593818: Sending PUBLISH to auto-DC2FAC5A-E030-C95A-EA04-9111E4EB61FF (d0, q0, r0, m0, 'test/sensors/humid', ... (215 bytes))
1742593818: Sending PUBACK to humidity_publisher_1742593817 (m1, rc0)
1742593820: Received DISCONNECT from humidity_publisher_1742593817
1742593820: Client humidity_publisher_1742593817 disconnected.
1742593856: Received PINGREQ from auto-DC2FAC5A-E030-C95A-EA04-9111E4EB61FF
1742593856: Sending PINGRESP to auto-DC2FAC5A-E030-C95A-EA04-9111E4EB61FF
1742593872: New connection from 172.18.0.1:41644 on port 1883.
1742593872: New client connected from 172.18.0.1:41644 as humidity_publisher_1742593872 (p2, c1, k60).
1742593872: No will message specified.
1742593872: Sending CONNACK to humidity_publisher_1742593872 (0, 0)
1742593873: Received PUBLISH from humidity_publisher_1742593872 (d0, q1, r0, m1, 'test/sensors/humid', ... (205 bytes))
1742593873: Sending PUBLISH to auto-DC2FAC5A-E030-C95A-EA04-9111E4EB61FF (d0, q0, r0, m0, 'test/sensors/humid', ... (205 bytes))
1742593873: Sending PUBACK to humidity_publisher_1742593872 (m1, rc0)
1742593875: Received DISCONNECT from humidity_publisher_1742593872
1742593875: Client humidity_publisher_1742593872 disconnected.
1742593894: Client auto-DC2FAC5A-E030-C95A-EA04-9111E4EB61FF closed its connection.
1742593915: New connection from 172.18.0.1:60344 on port 1883.
1742593915: New client connected from 172.18.0.1:60344 as humidity_publisher_1742593915 (p2, c1, k60).
1742593915: No will message specified.
1742593915: Sending CONNACK to humidity_publisher_1742593915 (0, 0)
1742593916: Received PUBLISH from humidity_publisher_1742593915 (d0, q1, r0, m1, 'test/sensors/humid', ... (204 bytes))
1742593916: Sending PUBACK to humidity_publisher_1742593915 (m1, rc0)
1742593918: Received DISCONNECT from humidity_publisher_1742593915
1742593918: Client humidity_publisher_1742593915 disconnected.
1742593927: New connection from 172.18.0.1:34240 on port 1883.
1742593927: New client connected from 172.18.0.1:34240 as humidity_publisher_1742593927 (p2, c1, k60).
1742593927: No will message specified.
1742593927: Sending CONNACK to humidity_publisher_1742593927 (0, 0)
1742593928: Received PUBLISH from humidity_publisher_1742593927 (d0, q1, r0, m1, 'test/sensors/humid', ... (204 bytes))
1742593928: Sending PUBACK to humidity_publisher_1742593927 (m1, rc0)
1742593930: Received DISCONNECT from humidity_publisher_1742593927
1742593930: Client humidity_publisher_1742593927 disconnected.
1742593944: New connection from 172.18.0.1:46748 on port 1883.
1742593944: New client connected from 172.18.0.1:46748 as auto-5CB552F5-3130-4428-5EAA-BD6873264AE0 (p2, c1, k60).
1742593944: No will message specified.
1742593944: Sending CONNACK to auto-5CB552F5-3130-4428-5EAA-BD6873264AE0 (0, 0)
1742593944: Received SUBSCRIBE from auto-5CB552F5-3130-4428-5EAA-BD6873264AE0
1742593944: 	# (QoS 0)
1742593944: auto-5CB552F5-3130-4428-5EAA-BD6873264AE0 0 #
1742593944: Sending SUBACK to auto-5CB552F5-3130-4428-5EAA-BD6873264AE0
1742594004: Received PINGREQ from auto-5CB552F5-3130-4428-5EAA-BD6873264AE0
1742594004: Sending PINGRESP to auto-5CB552F5-3130-4428-5EAA-BD6873264AE0
1742594064: Received PINGREQ from auto-5CB552F5-3130-4428-5EAA-BD6873264AE0
1742594064: Sending PINGRESP to auto-5CB552F5-3130-4428-5EAA-BD6873264AE0
1742594125: Received PINGREQ from auto-5CB552F5-3130-4428-5EAA-BD6873264AE0
1742594125: Sending PINGRESP to auto-5CB552F5-3130-4428-5EAA-BD6873264AE0
1742594185: Received PINGREQ from auto-5CB552F5-3130-4428-5EAA-BD6873264AE0
1742594185: Sending PINGRESP to auto-5CB552F5-3130-4428-5EAA-BD6873264AE0
1742594246: Received PINGREQ from auto-5CB552F5-3130-4428-5EAA-BD6873264AE0
1742594246: Sending PINGRESP to auto-5CB552F5-3130-4428-5EAA-BD6873264AE0
1742594306: Received PINGREQ from auto-5CB552F5-3130-4428-5EAA-BD6873264AE0
1742594306: Sending PINGRESP to auto-5CB552F5-3130-4428-5EAA-BD6873264AE0
1742594367: Received PINGREQ from auto-5CB552F5-3130-4428-5EAA-BD6873264AE0
1742594367: Sending PINGRESP to auto-5CB552F5-3130-4428-5EAA-BD6873264AE0
1742594427: Received PINGREQ from auto-5CB552F5-3130-4428-5EAA-BD6873264AE0
1742594427: Sending PINGRESP to auto-5CB552F5-3130-4428-5EAA-BD6873264AE0
1742594487: Received PINGREQ from auto-5CB552F5-3130-4428-5EAA-BD6873264AE0
1742594487: Sending PINGRESP to auto-5CB552F5-3130-4428-5EAA-BD6873264AE0
1742594548: Received PINGREQ from auto-5CB552F5-3130-4428-5EAA-BD6873264AE0
1742594548: Sending PINGRESP to auto-5CB552F5-3130-4428-5EAA-BD6873264AE0
1742594608: Received PINGREQ from auto-5CB552F5-3130-4428-5EAA-BD6873264AE0
1742594608: Sending PINGRESP to auto-5CB552F5-3130-4428-5EAA-BD6873264AE0
1742594617: Client auto-5CB552F5-3130-4428-5EAA-BD6873264AE0 closed its connection.
1742594706: New connection from 172.18.0.1:50728 on port 1883.
1742594706: New client connected from 172.18.0.1:50728 as auto-4BCCFF33-E08C-CCF8-C6F2-9A2AF94F83C2 (p2, c1, k60).
1742594706: No will message specified.
1742594706: Sending CONNACK to auto-4BCCFF33-E08C-CCF8-C6F2-9A2AF94F83C2 (0, 0)
1742594706: Received SUBSCRIBE from auto-4BCCFF33-E08C-CCF8-C6F2-9A2AF94F83C2
1742594706: 	# (QoS 0)
1742594706: auto-4BCCFF33-E08C-CCF8-C6F2-9A2AF94F83C2 0 #
1742594706: Sending SUBACK to auto-4BCCFF33-E08C-CCF8-C6F2-9A2AF94F83C2
1742594767: Received PINGREQ from auto-4BCCFF33-E08C-CCF8-C6F2-9A2AF94F83C2
1742594767: Sending PINGRESP to auto-4BCCFF33-E08C-CCF8-C6F2-9A2AF94F83C2
1742594827: Received PINGREQ from auto-4BCCFF33-E08C-CCF8-C6F2-9A2AF94F83C2
1742594827: Sending PINGRESP to auto-4BCCFF33-E08C-CCF8-C6F2-9A2AF94F83C2
1742594888: Received PINGREQ from auto-4BCCFF33-E08C-CCF8-C6F2-9A2AF94F83C2
1742594888: Sending PINGRESP to auto-4BCCFF33-E08C-CCF8-C6F2-9A2AF94F83C2
1742594948: Received PINGREQ from auto-4BCCFF33-E08C-CCF8-C6F2-9A2AF94F83C2
1742594948: Sending PINGRESP to auto-4BCCFF33-E08C-CCF8-C6F2-9A2AF94F83C2
1742595009: Received PINGREQ from auto-4BCCFF33-E08C-CCF8-C6F2-9A2AF94F83C2
1742595009: Sending PINGRESP to auto-4BCCFF33-E08C-CCF8-C6F2-9A2AF94F83C2
1742595069: Received PINGREQ from auto-4BCCFF33-E08C-CCF8-C6F2-9A2AF94F83C2
1742595069: Sending PINGRESP to auto-4BCCFF33-E08C-CCF8-C6F2-9A2AF94F83C2
1742595073: Saving in-memory database to /mosquitto/data//mosquitto.db.
1742595129: Received PINGREQ from auto-4BCCFF33-E08C-CCF8-C6F2-9A2AF94F83C2
1742595129: Sending PINGRESP to auto-4BCCFF33-E08C-CCF8-C6F2-9A2AF94F83C2
1742595146: Client auto-4BCCFF33-E08C-CCF8-C6F2-9A2AF94F83C2 closed its connection.
1742595376: New connection from 172.18.0.1:46420 on port 1883.
1742595376: New client connected from 172.18.0.1:46420 as auto-83220B75-5920-A0A5-3059-5A7F92852235 (p2, c1, k60).
1742595376: No will message specified.
1742595376: Sending CONNACK to auto-83220B75-5920-A0A5-3059-5A7F92852235 (0, 0)
1742595376: Received SUBSCRIBE from auto-83220B75-5920-A0A5-3059-5A7F92852235
1742595376: 	# (QoS 0)
1742595376: auto-83220B75-5920-A0A5-3059-5A7F92852235 0 #
1742595376: Sending SUBACK to auto-83220B75-5920-A0A5-3059-5A7F92852235
1742595437: Received PINGREQ from auto-83220B75-5920-A0A5-3059-5A7F92852235
1742595437: Sending PINGRESP to auto-83220B75-5920-A0A5-3059-5A7F92852235
1742595497: Received PINGREQ from auto-83220B75-5920-A0A5-3059-5A7F92852235
1742595497: Sending PINGRESP to auto-83220B75-5920-A0A5-3059-5A7F92852235
1742595557: Received PINGREQ from auto-83220B75-5920-A0A5-3059-5A7F92852235
1742595557: Sending PINGRESP to auto-83220B75-5920-A0A5-3059-5A7F92852235
1742595592: Client auto-83220B75-5920-A0A5-3059-5A7F92852235 closed its connection.
1742595679: New connection from 172.18.0.1:39236 on port 1883.
1742595679: New client connected from 172.18.0.1:39236 as auto-9C4D2FEF-CF4E-C20E-9B14-6B9ADC70E4B0 (p2, c1, k60).
1742595679: No will message specified.
1742595679: Sending CONNACK to auto-9C4D2FEF-CF4E-C20E-9B14-6B9ADC70E4B0 (0, 0)
1742595679: Received SUBSCRIBE from auto-9C4D2FEF-CF4E-C20E-9B14-6B9ADC70E4B0
1742595679: 	# (QoS 0)
1742595679: auto-9C4D2FEF-CF4E-C20E-9B14-6B9ADC70E4B0 0 #
1742595679: Sending SUBACK to auto-9C4D2FEF-CF4E-C20E-9B14-6B9ADC70E4B0
1742595740: Received PINGREQ from auto-9C4D2FEF-CF4E-C20E-9B14-6B9ADC70E4B0
1742595740: Sending PINGRESP to auto-9C4D2FEF-CF4E-C20E-9B14-6B9ADC70E4B0
1742595800: Received PINGREQ from auto-9C4D2FEF-CF4E-C20E-9B14-6B9ADC70E4B0
1742595800: Sending PINGRESP to auto-9C4D2FEF-CF4E-C20E-9B14-6B9ADC70E4B0
1742595861: Received PINGREQ from auto-9C4D2FEF-CF4E-C20E-9B14-6B9ADC70E4B0
1742595861: Sending PINGRESP to auto-9C4D2FEF-CF4E-C20E-9B14-6B9ADC70E4B0
1742595921: Received PINGREQ from auto-9C4D2FEF-CF4E-C20E-9B14-6B9ADC70E4B0
1742595921: Sending PINGRESP to auto-9C4D2FEF-CF4E-C20E-9B14-6B9ADC70E4B0
1742595982: Received PINGREQ from auto-9C4D2FEF-CF4E-C20E-9B14-6B9ADC70E4B0
1742595982: Sending PINGRESP to auto-9C4D2FEF-CF4E-C20E-9B14-6B9ADC70E4B0
1742596042: Received PINGREQ from auto-9C4D2FEF-CF4E-C20E-9B14-6B9ADC70E4B0
1742596042: Sending PINGRESP to auto-9C4D2FEF-CF4E-C20E-9B14-6B9ADC70E4B0
1742596103: Received PINGREQ from auto-9C4D2FEF-CF4E-C20E-9B14-6B9ADC70E4B0
1742596103: Sending PINGRESP to auto-9C4D2FEF-CF4E-C20E-9B14-6B9ADC70E4B0
1742596163: Received PINGREQ from auto-9C4D2FEF-CF4E-C20E-9B14-6B9ADC70E4B0
1742596163: Sending PINGRESP to auto-9C4D2FEF-CF4E-C20E-9B14-6B9ADC70E4B0
1742596223: Received PINGREQ from auto-9C4D2FEF-CF4E-C20E-9B14-6B9ADC70E4B0
1742596223: Sending PINGRESP to auto-9C4D2FEF-CF4E-C20E-9B14-6B9ADC70E4B0
1742596284: Received PINGREQ from auto-9C4D2FEF-CF4E-C20E-9B14-6B9ADC70E4B0
1742596284: Sending PINGRESP to auto-9C4D2FEF-CF4E-C20E-9B14-6B9ADC70E4B0
1742596294: Client auto-9C4D2FEF-CF4E-C20E-9B14-6B9ADC70E4B0 closed its connection.
1742596323: New connection from 172.18.0.1:58400 on port 1883.
1742596323: New client connected from 172.18.0.1:58400 as auto-821BCB83-86CB-B014-E063-C280B592C6A8 (p2, c1, k60).
1742596323: No will message specified.
1742596323: Sending CONNACK to auto-821BCB83-86CB-B014-E063-C280B592C6A8 (0, 0)
1742596323: Received SUBSCRIBE from auto-821BCB83-86CB-B014-E063-C280B592C6A8
1742596323: 	# (QoS 0)
1742596323: auto-821BCB83-86CB-B014-E063-C280B592C6A8 0 #
1742596323: Sending SUBACK to auto-821BCB83-86CB-B014-E063-C280B592C6A8
1742596383: Received PINGREQ from auto-821BCB83-86CB-B014-E063-C280B592C6A8
1742596383: Sending PINGRESP to auto-821BCB83-86CB-B014-E063-C280B592C6A8
1742596444: Received PINGREQ from auto-821BCB83-86CB-B014-E063-C280B592C6A8
1742596444: Sending PINGRESP to auto-821BCB83-86CB-B014-E063-C280B592C6A8
1742596504: Received PINGREQ from auto-821BCB83-86CB-B014-E063-C280B592C6A8
1742596504: Sending PINGRESP to auto-821BCB83-86CB-B014-E063-C280B592C6A8
1742596565: Received PINGREQ from auto-821BCB83-86CB-B014-E063-C280B592C6A8
1742596565: Sending PINGRESP to auto-821BCB83-86CB-B014-E063-C280B592C6A8
1742596625: Received PINGREQ from auto-821BCB83-86CB-B014-E063-C280B592C6A8
1742596625: Sending PINGRESP to auto-821BCB83-86CB-B014-E063-C280B592C6A8
1742596686: Received PINGREQ from auto-821BCB83-86CB-B014-E063-C280B592C6A8
1742596686: Sending PINGRESP to auto-821BCB83-86CB-B014-E063-C280B592C6A8
1742596746: Received PINGREQ from auto-821BCB83-86CB-B014-E063-C280B592C6A8
1742596746: Sending PINGRESP to auto-821BCB83-86CB-B014-E063-C280B592C6A8
1742596807: Received PINGREQ from auto-821BCB83-86CB-B014-E063-C280B592C6A8
1742596807: Sending PINGRESP to auto-821BCB83-86CB-B014-E063-C280B592C6A8
1742596867: Received PINGREQ from auto-821BCB83-86CB-B014-E063-C280B592C6A8
1742596867: Sending PINGRESP to auto-821BCB83-86CB-B014-E063-C280B592C6A8
1742596874: Saving in-memory database to /mosquitto/data//mosquitto.db.
1742596927: Received PINGREQ from auto-821BCB83-86CB-B014-E063-C280B592C6A8
1742596927: Sending PINGRESP to auto-821BCB83-86CB-B014-E063-C280B592C6A8
1742596936: Client auto-821BCB83-86CB-B014-E063-C280B592C6A8 closed its connection.
1742597000: New connection from 172.18.0.1:52840 on port 1883.
1742597000: New client connected from 172.18.0.1:52840 as auto-9EFE28A9-78D2-0841-98B6-B0D50881A34C (p2, c1, k60).
1742597000: No will message specified.
1742597000: Sending CONNACK to auto-9EFE28A9-78D2-0841-98B6-B0D50881A34C (0, 0)
1742597000: Received SUBSCRIBE from auto-9EFE28A9-78D2-0841-98B6-B0D50881A34C
1742597000: 	# (QoS 0)
1742597000: auto-9EFE28A9-78D2-0841-98B6-B0D50881A34C 0 #
1742597000: Sending SUBACK to auto-9EFE28A9-78D2-0841-98B6-B0D50881A34C
1742597061: Received PINGREQ from auto-9EFE28A9-78D2-0841-98B6-B0D50881A34C
1742597061: Sending PINGRESP to auto-9EFE28A9-78D2-0841-98B6-B0D50881A34C
1742597121: Received PINGREQ from auto-9EFE28A9-78D2-0841-98B6-B0D50881A34C
1742597121: Sending PINGRESP to auto-9EFE28A9-78D2-0841-98B6-B0D50881A34C
1742597182: Received PINGREQ from auto-9EFE28A9-78D2-0841-98B6-B0D50881A34C
1742597182: Sending PINGRESP to auto-9EFE28A9-78D2-0841-98B6-B0D50881A34C
1742597242: Received PINGREQ from auto-9EFE28A9-78D2-0841-98B6-B0D50881A34C
1742597242: Sending PINGRESP to auto-9EFE28A9-78D2-0841-98B6-B0D50881A34C
1742597302: Received PINGREQ from auto-9EFE28A9-78D2-0841-98B6-B0D50881A34C
1742597302: Sending PINGRESP to auto-9EFE28A9-78D2-0841-98B6-B0D50881A34C
1742597363: Received PINGREQ from auto-9EFE28A9-78D2-0841-98B6-B0D50881A34C
1742597363: Sending PINGRESP to auto-9EFE28A9-78D2-0841-98B6-B0D50881A34C
1742597423: Received PINGREQ from auto-9EFE28A9-78D2-0841-98B6-B0D50881A34C
1742597423: Sending PINGRESP to auto-9EFE28A9-78D2-0841-98B6-B0D50881A34C
1742597484: Received PINGREQ from auto-9EFE28A9-78D2-0841-98B6-B0D50881A34C
1742597484: Sending PINGRESP to auto-9EFE28A9-78D2-0841-98B6-B0D50881A34C
1742597544: Received PINGREQ from auto-9EFE28A9-78D2-0841-98B6-B0D50881A34C
1742597544: Sending PINGRESP to auto-9EFE28A9-78D2-0841-98B6-B0D50881A34C
1742597605: Received PINGREQ from auto-9EFE28A9-78D2-0841-98B6-B0D50881A34C
1742597605: Sending PINGRESP to auto-9EFE28A9-78D2-0841-98B6-B0D50881A34C
1742597665: Received PINGREQ from auto-9EFE28A9-78D2-0841-98B6-B0D50881A34C
1742597665: Sending PINGRESP to auto-9EFE28A9-78D2-0841-98B6-B0D50881A34C
1742597726: Received PINGREQ from auto-9EFE28A9-78D2-0841-98B6-B0D50881A34C
1742597726: Sending PINGRESP to auto-9EFE28A9-78D2-0841-98B6-B0D50881A34C
1742597786: Received PINGREQ from auto-9EFE28A9-78D2-0841-98B6-B0D50881A34C
1742597786: Sending PINGRESP to auto-9EFE28A9-78D2-0841-98B6-B0D50881A34C
1742597847: Received PINGREQ from auto-9EFE28A9-78D2-0841-98B6-B0D50881A34C
1742597847: Sending PINGRESP to auto-9EFE28A9-78D2-0841-98B6-B0D50881A34C
1742597907: Received PINGREQ from auto-9EFE28A9-78D2-0841-98B6-B0D50881A34C
1742597907: Sending PINGRESP to auto-9EFE28A9-78D2-0841-98B6-B0D50881A34C
1742597968: Received PINGREQ from auto-9EFE28A9-78D2-0841-98B6-B0D50881A34C
1742597968: Sending PINGRESP to auto-9EFE28A9-78D2-0841-98B6-B0D50881A34C
1742598028: Received PINGREQ from auto-9EFE28A9-78D2-0841-98B6-B0D50881A34C
1742598028: Sending PINGRESP to auto-9EFE28A9-78D2-0841-98B6-B0D50881A34C
1742598089: Received PINGREQ from auto-9EFE28A9-78D2-0841-98B6-B0D50881A34C
1742598089: Sending PINGRESP to auto-9EFE28A9-78D2-0841-98B6-B0D50881A34C
1742598149: Received PINGREQ from auto-9EFE28A9-78D2-0841-98B6-B0D50881A34C
1742598149: Sending PINGRESP to auto-9EFE28A9-78D2-0841-98B6-B0D50881A34C
1742598210: Received PINGREQ from auto-9EFE28A9-78D2-0841-98B6-B0D50881A34C
1742598210: Sending PINGRESP to auto-9EFE28A9-78D2-0841-98B6-B0D50881A34C
1742598270: Received PINGREQ from auto-9EFE28A9-78D2-0841-98B6-B0D50881A34C
1742598270: Sending PINGRESP to auto-9EFE28A9-78D2-0841-98B6-B0D50881A34C
1742598331: Received PINGREQ from auto-9EFE28A9-78D2-0841-98B6-B0D50881A34C
1742598331: Sending PINGRESP to auto-9EFE28A9-78D2-0841-98B6-B0D50881A34C
1742598391: Received PINGREQ from auto-9EFE28A9-78D2-0841-98B6-B0D50881A34C
1742598391: Sending PINGRESP to auto-9EFE28A9-78D2-0841-98B6-B0D50881A34C
1742598452: Received PINGREQ from auto-9EFE28A9-78D2-0841-98B6-B0D50881A34C
1742598452: Sending PINGRESP to auto-9EFE28A9-78D2-0841-98B6-B0D50881A34C
1742598512: Received PINGREQ from auto-9EFE28A9-78D2-0841-98B6-B0D50881A34C
1742598512: Sending PINGRESP to auto-9EFE28A9-78D2-0841-98B6-B0D50881A34C
1742598573: Received PINGREQ from auto-9EFE28A9-78D2-0841-98B6-B0D50881A34C
1742598573: Sending PINGRESP to auto-9EFE28A9-78D2-0841-98B6-B0D50881A34C
1742598633: Received PINGREQ from auto-9EFE28A9-78D2-0841-98B6-B0D50881A34C
1742598633: Sending PINGRESP to auto-9EFE28A9-78D2-0841-98B6-B0D50881A34C
1742598675: Saving in-memory database to /mosquitto/data//mosquitto.db.
1742598693: Received PINGREQ from auto-9EFE28A9-78D2-0841-98B6-B0D50881A34C
1742598693: Sending PINGRESP to auto-9EFE28A9-78D2-0841-98B6-B0D50881A34C
1742598708: Client auto-9EFE28A9-78D2-0841-98B6-B0D50881A34C closed its connection.
1742598709: New connection from 172.18.0.1:37534 on port 1883.
1742598709: New client connected from 172.18.0.1:37534 as auto-F0D74500-611C-3194-8204-E809C6DE3915 (p2, c1, k60).
1742598709: No will message specified.
1742598709: Sending CONNACK to auto-F0D74500-611C-3194-8204-E809C6DE3915 (0, 0)
1742598709: Received SUBSCRIBE from auto-F0D74500-611C-3194-8204-E809C6DE3915
1742598709: 	# (QoS 0)
1742598709: auto-F0D74500-611C-3194-8204-E809C6DE3915 0 #
1742598709: Sending SUBACK to auto-F0D74500-611C-3194-8204-E809C6DE3915
1742598725: Client auto-F0D74500-611C-3194-8204-E809C6DE3915 closed its connection.
1742598894: New connection from 172.18.0.1:34738 on port 1883.
1742598894: New client connected from 172.18.0.1:34738 as auto-F7A4ED7F-5D31-A4DE-BF78-A751E37494D9 (p2, c1, k60).
1742598894: No will message specified.
1742598894: Sending CONNACK to auto-F7A4ED7F-5D31-A4DE-BF78-A751E37494D9 (0, 0)
1742598894: Received SUBSCRIBE from auto-F7A4ED7F-5D31-A4DE-BF78-A751E37494D9
1742598894: 	# (QoS 0)
1742598894: auto-F7A4ED7F-5D31-A4DE-BF78-A751E37494D9 0 #
1742598894: Sending SUBACK to auto-F7A4ED7F-5D31-A4DE-BF78-A751E37494D9
1742598954: Received PINGREQ from auto-F7A4ED7F-5D31-A4DE-BF78-A751E37494D9
1742598954: Sending PINGRESP to auto-F7A4ED7F-5D31-A4DE-BF78-A751E37494D9
1742599015: Received PINGREQ from auto-F7A4ED7F-5D31-A4DE-BF78-A751E37494D9
1742599015: Sending PINGRESP to auto-F7A4ED7F-5D31-A4DE-BF78-A751E37494D9
1742599071: Client auto-F7A4ED7F-5D31-A4DE-BF78-A751E37494D9 closed its connection.
1742599073: New connection from 172.18.0.1:52098 on port 1883.
1742599073: New client connected from 172.18.0.1:52098 as auto-A7BA63A0-FB71-D525-2D42-563C75191E00 (p2, c1, k60).
1742599073: No will message specified.
1742599073: Sending CONNACK to auto-A7BA63A0-FB71-D525-2D42-563C75191E00 (0, 0)
1742599073: Received SUBSCRIBE from auto-A7BA63A0-FB71-D525-2D42-563C75191E00
1742599073: 	# (QoS 0)
1742599073: auto-A7BA63A0-FB71-D525-2D42-563C75191E00 0 #
1742599073: Sending SUBACK to auto-A7BA63A0-FB71-D525-2D42-563C75191E00
1742599113: Client auto-A7BA63A0-FB71-D525-2D42-563C75191E00 closed its connection.
1742599143: New connection from 172.18.0.1:46814 on port 1883.
1742599143: New client connected from 172.18.0.1:46814 as auto-86DDE727-C8C0-66BE-A0D3-FAC52FF07068 (p2, c1, k60).
1742599143: No will message specified.
1742599143: Sending CONNACK to auto-86DDE727-C8C0-66BE-A0D3-FAC52FF07068 (0, 0)
1742599143: Received SUBSCRIBE from auto-86DDE727-C8C0-66BE-A0D3-FAC52FF07068
1742599143: 	# (QoS 0)
1742599143: auto-86DDE727-C8C0-66BE-A0D3-FAC52FF07068 0 #
1742599143: Sending SUBACK to auto-86DDE727-C8C0-66BE-A0D3-FAC52FF07068
1742599155: Client auto-86DDE727-C8C0-66BE-A0D3-FAC52FF07068 closed its connection.
1742599190: New connection from 172.18.0.1:35362 on port 1883.
1742599190: New client connected from 172.18.0.1:35362 as auto-4CB033C0-D8A2-064B-0E29-FD0237D48BA3 (p2, c1, k60).
1742599190: No will message specified.
1742599190: Sending CONNACK to auto-4CB033C0-D8A2-064B-0E29-FD0237D48BA3 (0, 0)
1742599190: Received SUBSCRIBE from auto-4CB033C0-D8A2-064B-0E29-FD0237D48BA3
1742599190: 	# (QoS 0)
1742599190: auto-4CB033C0-D8A2-064B-0E29-FD0237D48BA3 0 #
1742599190: Sending SUBACK to auto-4CB033C0-D8A2-064B-0E29-FD0237D48BA3
1742599250: Received PINGREQ from auto-4CB033C0-D8A2-064B-0E29-FD0237D48BA3
1742599250: Sending PINGRESP to auto-4CB033C0-D8A2-064B-0E29-FD0237D48BA3
1742599310: Received PINGREQ from auto-4CB033C0-D8A2-064B-0E29-FD0237D48BA3
1742599310: Sending PINGRESP to auto-4CB033C0-D8A2-064B-0E29-FD0237D48BA3
1742599327: Client auto-4CB033C0-D8A2-064B-0E29-FD0237D48BA3 closed its connection.
1742599336: New connection from 172.18.0.1:57198 on port 1883.
1742599336: New client connected from 172.18.0.1:57198 as auto-AF7CF0B6-CE80-F14B-A768-4B5BDEBEBDD7 (p2, c1, k60).
1742599336: No will message specified.
1742599336: Sending CONNACK to auto-AF7CF0B6-CE80-F14B-A768-4B5BDEBEBDD7 (0, 0)
1742599336: Received SUBSCRIBE from auto-AF7CF0B6-CE80-F14B-A768-4B5BDEBEBDD7
1742599336: 	# (QoS 0)
1742599336: auto-AF7CF0B6-CE80-F14B-A768-4B5BDEBEBDD7 0 #
1742599336: Sending SUBACK to auto-AF7CF0B6-CE80-F14B-A768-4B5BDEBEBDD7
1742599396: Received PINGREQ from auto-AF7CF0B6-CE80-F14B-A768-4B5BDEBEBDD7
1742599396: Sending PINGRESP to auto-AF7CF0B6-CE80-F14B-A768-4B5BDEBEBDD7
1742599440: Client auto-AF7CF0B6-CE80-F14B-A768-4B5BDEBEBDD7 closed its connection.
1742599449: New connection from 172.18.0.1:53114 on port 1883.
1742599449: New client connected from 172.18.0.1:53114 as auto-15D5FA55-14E8-1C15-653E-A5158067E9A1 (p2, c1, k60).
1742599449: No will message specified.
1742599449: Sending CONNACK to auto-15D5FA55-14E8-1C15-653E-A5158067E9A1 (0, 0)
1742599449: Received SUBSCRIBE from auto-15D5FA55-14E8-1C15-653E-A5158067E9A1
1742599449: 	# (QoS 0)
1742599449: auto-15D5FA55-14E8-1C15-653E-A5158067E9A1 0 #
1742599449: Sending SUBACK to auto-15D5FA55-14E8-1C15-653E-A5158067E9A1
1742599510: Received PINGREQ from auto-15D5FA55-14E8-1C15-653E-A5158067E9A1
1742599510: Sending PINGRESP to auto-15D5FA55-14E8-1C15-653E-A5158067E9A1
1742599570: Received PINGREQ from auto-15D5FA55-14E8-1C15-653E-A5158067E9A1
1742599570: Sending PINGRESP to auto-15D5FA55-14E8-1C15-653E-A5158067E9A1
1742599631: Received PINGREQ from auto-15D5FA55-14E8-1C15-653E-A5158067E9A1
1742599631: Sending PINGRESP to auto-15D5FA55-14E8-1C15-653E-A5158067E9A1
1742599691: Received PINGREQ from auto-15D5FA55-14E8-1C15-653E-A5158067E9A1
1742599691: Sending PINGRESP to auto-15D5FA55-14E8-1C15-653E-A5158067E9A1
1742599751: Received PINGREQ from auto-15D5FA55-14E8-1C15-653E-A5158067E9A1
1742599751: Sending PINGRESP to auto-15D5FA55-14E8-1C15-653E-A5158067E9A1
1742599785: New connection from 172.18.0.1:38630 on port 1883.
1742599785: New client connected from 172.18.0.1:38630 as auto-FBF012AF-9E7B-9A3B-D943-82A0311C60FB (p2, c1, k60, u'admin').
1742599785: No will message specified.
1742599785: Sending CONNACK to auto-FBF012AF-9E7B-9A3B-D943-82A0311C60FB (0, 0)
1742599785: Received PUBLISH from auto-FBF012AF-9E7B-9A3B-D943-82A0311C60FB (d0, q1, r0, m1, 'mqtt_test_device/temperature', ... (153 bytes))
1742599785: Sending PUBLISH to auto-15D5FA55-14E8-1C15-653E-A5158067E9A1 (d0, q0, r0, m0, 'mqtt_test_device/temperature', ... (153 bytes))
1742599785: Sending PUBACK to auto-FBF012AF-9E7B-9A3B-D943-82A0311C60FB (m1, rc0)
1742599787: Received DISCONNECT from auto-FBF012AF-9E7B-9A3B-D943-82A0311C60FB
1742599787: Client auto-FBF012AF-9E7B-9A3B-D943-82A0311C60FB disconnected.
1742599794: New connection from 172.18.0.1:56084 on port 1883.
1742599794: New client connected from 172.18.0.1:56084 as auto-8F54D064-7B9B-0843-C9C5-ED963BFDAE04 (p2, c1, k60, u'admin').
1742599794: No will message specified.
1742599794: Sending CONNACK to auto-8F54D064-7B9B-0843-C9C5-ED963BFDAE04 (0, 0)
1742599794: Received PUBLISH from auto-8F54D064-7B9B-0843-C9C5-ED963BFDAE04 (d0, q1, r0, m1, 'mqtt_test_device/temperature', ... (153 bytes))
1742599794: Sending PUBLISH to auto-15D5FA55-14E8-1C15-653E-A5158067E9A1 (d0, q0, r0, m0, 'mqtt_test_device/temperature', ... (153 bytes))
1742599794: Sending PUBACK to auto-8F54D064-7B9B-0843-C9C5-ED963BFDAE04 (m1, rc0)
1742599796: Received DISCONNECT from auto-8F54D064-7B9B-0843-C9C5-ED963BFDAE04
1742599796: Client auto-8F54D064-7B9B-0843-C9C5-ED963BFDAE04 disconnected.
1742599797: New connection from 172.18.0.1:57458 on port 1883.
1742599797: New client connected from 172.18.0.1:57458 as auto-A7EF9B6B-CFFA-848A-C403-FF71511E314F (p2, c1, k60, u'admin').
1742599797: No will message specified.
1742599797: Sending CONNACK to auto-A7EF9B6B-CFFA-848A-C403-FF71511E314F (0, 0)
1742599797: Received PUBLISH from auto-A7EF9B6B-CFFA-848A-C403-FF71511E314F (d0, q1, r0, m1, 'mqtt_test_device/temperature', ... (154 bytes))
1742599797: Sending PUBLISH to auto-15D5FA55-14E8-1C15-653E-A5158067E9A1 (d0, q0, r0, m0, 'mqtt_test_device/temperature', ... (154 bytes))
1742599797: Sending PUBACK to auto-A7EF9B6B-CFFA-848A-C403-FF71511E314F (m1, rc0)
1742599799: Received DISCONNECT from auto-A7EF9B6B-CFFA-848A-C403-FF71511E314F
1742599799: Client auto-A7EF9B6B-CFFA-848A-C403-FF71511E314F disconnected.
1742599800: New connection from 172.18.0.1:57460 on port 1883.
1742599800: New client connected from 172.18.0.1:57460 as auto-E160A483-0C5D-B16F-A7C6-D8DBAD03A3A0 (p2, c1, k60, u'admin').
1742599800: No will message specified.
1742599800: Sending CONNACK to auto-E160A483-0C5D-B16F-A7C6-D8DBAD03A3A0 (0, 0)
1742599800: Received PUBLISH from auto-E160A483-0C5D-B16F-A7C6-D8DBAD03A3A0 (d0, q1, r0, m1, 'mqtt_test_device/temperature', ... (153 bytes))
1742599800: Sending PUBLISH to auto-15D5FA55-14E8-1C15-653E-A5158067E9A1 (d0, q0, r0, m0, 'mqtt_test_device/temperature', ... (153 bytes))
1742599800: Sending PUBACK to auto-E160A483-0C5D-B16F-A7C6-D8DBAD03A3A0 (m1, rc0)
1742599802: Received DISCONNECT from auto-E160A483-0C5D-B16F-A7C6-D8DBAD03A3A0
1742599802: Client auto-E160A483-0C5D-B16F-A7C6-D8DBAD03A3A0 disconnected.
1742599803: New connection from 172.18.0.1:57472 on port 1883.
1742599803: New client connected from 172.18.0.1:57472 as auto-AE28BCA2-F2B0-3170-3877-07ADB4B06760 (p2, c1, k60, u'admin').
1742599803: No will message specified.
1742599803: Sending CONNACK to auto-AE28BCA2-F2B0-3170-3877-07ADB4B06760 (0, 0)
1742599803: Received PUBLISH from auto-AE28BCA2-F2B0-3170-3877-07ADB4B06760 (d0, q1, r0, m1, 'mqtt_test_device/temperature', ... (154 bytes))
1742599803: Sending PUBLISH to auto-15D5FA55-14E8-1C15-653E-A5158067E9A1 (d0, q0, r0, m0, 'mqtt_test_device/temperature', ... (154 bytes))
1742599803: Sending PUBACK to auto-AE28BCA2-F2B0-3170-3877-07ADB4B06760 (m1, rc0)
1742599805: Received DISCONNECT from auto-AE28BCA2-F2B0-3170-3877-07ADB4B06760
1742599805: Client auto-AE28BCA2-F2B0-3170-3877-07ADB4B06760 disconnected.
1742599806: New connection from 172.18.0.1:57486 on port 1883.
1742599806: New client connected from 172.18.0.1:57486 as auto-FA704F04-5C6E-8DE4-B4FA-AF9493A3A7A5 (p2, c1, k60, u'admin').
1742599806: No will message specified.
1742599806: Sending CONNACK to auto-FA704F04-5C6E-8DE4-B4FA-AF9493A3A7A5 (0, 0)
1742599806: Received PUBLISH from auto-FA704F04-5C6E-8DE4-B4FA-AF9493A3A7A5 (d0, q1, r0, m1, 'mqtt_test_device/temperature', ... (154 bytes))
1742599806: Sending PUBLISH to auto-15D5FA55-14E8-1C15-653E-A5158067E9A1 (d0, q0, r0, m0, 'mqtt_test_device/temperature', ... (154 bytes))
1742599806: Sending PUBACK to auto-FA704F04-5C6E-8DE4-B4FA-AF9493A3A7A5 (m1, rc0)
1742599807: Received DISCONNECT from auto-FA704F04-5C6E-8DE4-B4FA-AF9493A3A7A5
1742599807: Client auto-FA704F04-5C6E-8DE4-B4FA-AF9493A3A7A5 disconnected.
1742599812: Received PINGREQ from auto-15D5FA55-14E8-1C15-653E-A5158067E9A1
1742599812: Sending PINGRESP to auto-15D5FA55-14E8-1C15-653E-A5158067E9A1
1742599873: Received PINGREQ from auto-15D5FA55-14E8-1C15-653E-A5158067E9A1
1742599873: Sending PINGRESP to auto-15D5FA55-14E8-1C15-653E-A5158067E9A1
1742599897: Client auto-15D5FA55-14E8-1C15-653E-A5158067E9A1 closed its connection.
1742600476: Saving in-memory database to /mosquitto/data//mosquitto.db.
